0, 0, 0, 0: Col: 252
0
0, 0, 0, 1: Col: 253
1
0, 0, 0, 2: Col: 254
2
0, 0, 0, 3: Col: 255
3
0, 0, 0, 4: Col: 256
4
0, 0, 0, 5: Col: 257
5
0, 0, 0, 6: Col: 258
6
0, 0, 0, 7: Col: 259
7
0, 0, 0, 8: Col: 260
8
0, 0, 1, 0: Col: 252
9
0, 0, 1, 1: Col: 253
10
0, 0, 1, 2: Col: 254
11
0, 0, 1, 3: Col: 255
12
0, 0, 1, 4: Col: 256
13
0, 0, 1, 5: Col: 257
14
0, 0, 1, 6: Col: 258
15
0, 0, 1, 7: Col: 259
16
0, 0, 1, 8: Col: 260
17
0, 0, 2, 0: Col: 252
18
0, 0, 2, 1: Col: 253
19
0, 0, 2, 2: Col: 254
20
0, 0, 2, 3: Col: 255
21
0, 0, 2, 4: Col: 256
22
0, 0, 2, 5: Col: 257
23
0, 0, 2, 6: Col: 258
24
0, 0, 2, 7: Col: 259
25
0, 0, 2, 8: Col: 260
26
0, 1, 0, 0: Col: 261
27
0, 1, 0, 1: Col: 262
28
0, 1, 0, 2: Col: 263
29
0, 1, 0, 3: Col: 264
30
0, 1, 0, 4: Col: 265
31
0, 1, 0, 5: Col: 266
32
0, 1, 0, 6: Col: 267
33
0, 1, 0, 7: Col: 268
34
0, 1, 0, 8: Col: 269
35
0, 1, 1, 0: Col: 261
36
0, 1, 1, 1: Col: 262
37
0, 1, 1, 2: Col: 263
38
0, 1, 1, 3: Col: 264
39
0, 1, 1, 4: Col: 265
40
0, 1, 1, 5: Col: 266
41
0, 1, 1, 6: Col: 267
42
0, 1, 1, 7: Col: 268
43
0, 1, 1, 8: Col: 269
44
0, 1, 2, 0: Col: 261
45
0, 1, 2, 1: Col: 262
46
0, 1, 2, 2: Col: 263
47
0, 1, 2, 3: Col: 264
48
0, 1, 2, 4: Col: 265
49
0, 1, 2, 5: Col: 266
50
0, 1, 2, 6: Col: 267
51
0, 1, 2, 7: Col: 268
52
0, 1, 2, 8: Col: 269
53
0, 2, 0, 0: Col: 270
54
0, 2, 0, 1: Col: 271
55
0, 2, 0, 2: Col: 272
56
0, 2, 0, 3: Col: 273
57
0, 2, 0, 4: Col: 274
58
0, 2, 0, 5: Col: 275
59
0, 2, 0, 6: Col: 276
60
0, 2, 0, 7: Col: 277
61
0, 2, 0, 8: Col: 278
62
0, 2, 1, 0: Col: 270
63
0, 2, 1, 1: Col: 271
64
0, 2, 1, 2: Col: 272
65
0, 2, 1, 3: Col: 273
66
0, 2, 1, 4: Col: 274
67
0, 2, 1, 5: Col: 275
68
0, 2, 1, 6: Col: 276
69
0, 2, 1, 7: Col: 277
70
0, 2, 1, 8: Col: 278
71
0, 2, 2, 0: Col: 270
72
0, 2, 2, 1: Col: 271
73
0, 2, 2, 2: Col: 272
74
0, 2, 2, 3: Col: 273
75
0, 2, 2, 4: Col: 274
76
0, 2, 2, 5: Col: 275
77
0, 2, 2, 6: Col: 276
78
0, 2, 2, 7: Col: 277
79
0, 2, 2, 8: Col: 278
80
1, 0, 0, 0: Col: 252
81
1, 0, 0, 1: Col: 253
82
1, 0, 0, 2: Col: 254
83
1, 0, 0, 3: Col: 255
84
1, 0, 0, 4: Col: 256
85
1, 0, 0, 5: Col: 257
86
1, 0, 0, 6: Col: 258
87
1, 0, 0, 7: Col: 259
88
1, 0, 0, 8: Col: 260
89
1, 0, 1, 0: Col: 252
90
1, 0, 1, 1: Col: 253
91
1, 0, 1, 2: Col: 254
92
1, 0, 1, 3: Col: 255
93
1, 0, 1, 4: Col: 256
94
1, 0, 1, 5: Col: 257
95
1, 0, 1, 6: Col: 258
96
1, 0, 1, 7: Col: 259
97
1, 0, 1, 8: Col: 260
98
1, 0, 2, 0: Col: 252
99
1, 0, 2, 1: Col: 253
100
1, 0, 2, 2: Col: 254
101
1, 0, 2, 3: Col: 255
102
1, 0, 2, 4: Col: 256
103
1, 0, 2, 5: Col: 257
104
1, 0, 2, 6: Col: 258
105
1, 0, 2, 7: Col: 259
106
1, 0, 2, 8: Col: 260
107
1, 1, 0, 0: Col: 261
108
1, 1, 0, 1: Col: 262
109
1, 1, 0, 2: Col: 263
110
1, 1, 0, 3: Col: 264
111
1, 1, 0, 4: Col: 265
112
1, 1, 0, 5: Col: 266
113
1, 1, 0, 6: Col: 267
114
1, 1, 0, 7: Col: 268
115
1, 1, 0, 8: Col: 269
116
1, 1, 1, 0: Col: 261
117
1, 1, 1, 1: Col: 262
118
1, 1, 1, 2: Col: 263
119
1, 1, 1, 3: Col: 264
120
1, 1, 1, 4: Col: 265
121
1, 1, 1, 5: Col: 266
122
1, 1, 1, 6: Col: 267
123
1, 1, 1, 7: Col: 268
124
1, 1, 1, 8: Col: 269
125
1, 1, 2, 0: Col: 261
126
1, 1, 2, 1: Col: 262
127
1, 1, 2, 2: Col: 263
128
1, 1, 2, 3: Col: 264
129
1, 1, 2, 4: Col: 265
130
1, 1, 2, 5: Col: 266
131
1, 1, 2, 6: Col: 267
132
1, 1, 2, 7: Col: 268
133
1, 1, 2, 8: Col: 269
134
1, 2, 0, 0: Col: 270
135
1, 2, 0, 1: Col: 271
136
1, 2, 0, 2: Col: 272
137
1, 2, 0, 3: Col: 273
138
1, 2, 0, 4: Col: 274
139
1, 2, 0, 5: Col: 275
140
1, 2, 0, 6: Col: 276
141
1, 2, 0, 7: Col: 277
142
1, 2, 0, 8: Col: 278
143
1, 2, 1, 0: Col: 270
144
1, 2, 1, 1: Col: 271
145
1, 2, 1, 2: Col: 272
146
1, 2, 1, 3: Col: 273
147
1, 2, 1, 4: Col: 274
148
1, 2, 1, 5: Col: 275
149
1, 2, 1, 6: Col: 276
150
1, 2, 1, 7: Col: 277
151
1, 2, 1, 8: Col: 278
152
1, 2, 2, 0: Col: 270
153
1, 2, 2, 1: Col: 271
154
1, 2, 2, 2: Col: 272
155
1, 2, 2, 3: Col: 273
156
1, 2, 2, 4: Col: 274
157
1, 2, 2, 5: Col: 275
158
1, 2, 2, 6: Col: 276
159
1, 2, 2, 7: Col: 277
160
1, 2, 2, 8: Col: 278
161
2, 0, 0, 0: Col: 252
162
2, 0, 0, 1: Col: 253
163
2, 0, 0, 2: Col: 254
164
2, 0, 0, 3: Col: 255
165
2, 0, 0, 4: Col: 256
166
2, 0, 0, 5: Col: 257
167
2, 0, 0, 6: Col: 258
168
2, 0, 0, 7: Col: 259
169
2, 0, 0, 8: Col: 260
170
2, 0, 1, 0: Col: 252
171
2, 0, 1, 1: Col: 253
172
2, 0, 1, 2: Col: 254
173
2, 0, 1, 3: Col: 255
174
2, 0, 1, 4: Col: 256
175
2, 0, 1, 5: Col: 257
176
2, 0, 1, 6: Col: 258
177
2, 0, 1, 7: Col: 259
178
2, 0, 1, 8: Col: 260
179
2, 0, 2, 0: Col: 252
180
2, 0, 2, 1: Col: 253
181
2, 0, 2, 2: Col: 254
182
2, 0, 2, 3: Col: 255
183
2, 0, 2, 4: Col: 256
184
2, 0, 2, 5: Col: 257
185
2, 0, 2, 6: Col: 258
186
2, 0, 2, 7: Col: 259
187
2, 0, 2, 8: Col: 260
188
2, 1, 0, 0: Col: 261
189
2, 1, 0, 1: Col: 262
190
2, 1, 0, 2: Col: 263
191
2, 1, 0, 3: Col: 264
192
2, 1, 0, 4: Col: 265
193
2, 1, 0, 5: Col: 266
194
2, 1, 0, 6: Col: 267
195
2, 1, 0, 7: Col: 268
196
2, 1, 0, 8: Col: 269
197
2, 1, 1, 0: Col: 261
198
2, 1, 1, 1: Col: 262
199
2, 1, 1, 2: Col: 263
200
2, 1, 1, 3: Col: 264
201
2, 1, 1, 4: Col: 265
202
2, 1, 1, 5: Col: 266
203
2, 1, 1, 6: Col: 267
204
2, 1, 1, 7: Col: 268
205
2, 1, 1, 8: Col: 269
206
2, 1, 2, 0: Col: 261
207
2, 1, 2, 1: Col: 262
208
2, 1, 2, 2: Col: 263
209
2, 1, 2, 3: Col: 264
210
2, 1, 2, 4: Col: 265
211
2, 1, 2, 5: Col: 266
212
2, 1, 2, 6: Col: 267
213
2, 1, 2, 7: Col: 268
214
2, 1, 2, 8: Col: 269
215
2, 2, 0, 0: Col: 270
216
2, 2, 0, 1: Col: 271
217
2, 2, 0, 2: Col: 272
218
2, 2, 0, 3: Col: 273
219
2, 2, 0, 4: Col: 274
220
2, 2, 0, 5: Col: 275
221
2, 2, 0, 6: Col: 276
222
2, 2, 0, 7: Col: 277
223
2, 2, 0, 8: Col: 278
224
2, 2, 1, 0: Col: 270
225
2, 2, 1, 1: Col: 271
226
2, 2, 1, 2: Col: 272
227
2, 2, 1, 3: Col: 273
228
2, 2, 1, 4: Col: 274
229
2, 2, 1, 5: Col: 275
230
2, 2, 1, 6: Col: 276
231
2, 2, 1, 7: Col: 277
232
2, 2, 1, 8: Col: 278
233
2, 2, 2, 0: Col: 270
234
2, 2, 2, 1: Col: 271
235
2, 2, 2, 2: Col: 272
236
2, 2, 2, 3: Col: 273
237
2, 2, 2, 4: Col: 274
238
2, 2, 2, 5: Col: 275
239
2, 2, 2, 6: Col: 276
240
2, 2, 2, 7: Col: 277
241
2, 2, 2, 8: Col: 278
242
0, 0, 0, 0: Col: 279
243
0, 0, 0, 1: Col: 280
244
0, 0, 0, 2: Col: 281
245
0, 0, 0, 3: Col: 282
246
0, 0, 0, 4: Col: 283
247
0, 0, 0, 5: Col: 284
248
0, 0, 0, 6: Col: 285
249
0, 0, 0, 7: Col: 286
250
0, 0, 0, 8: Col: 287
251
0, 0, 1, 0: Col: 279
252
0, 0, 1, 1: Col: 280
253
0, 0, 1, 2: Col: 281
254
0, 0, 1, 3: Col: 282
255
0, 0, 1, 4: Col: 283
256
0, 0, 1, 5: Col: 284
257
0, 0, 1, 6: Col: 285
258
0, 0, 1, 7: Col: 286
259
0, 0, 1, 8: Col: 287
260
0, 0, 2, 0: Col: 279
261
0, 0, 2, 1: Col: 280
262
0, 0, 2, 2: Col: 281
263
0, 0, 2, 3: Col: 282
264
0, 0, 2, 4: Col: 283
265
0, 0, 2, 5: Col: 284
266
0, 0, 2, 6: Col: 285
267
0, 0, 2, 7: Col: 286
268
0, 0, 2, 8: Col: 287
269
0, 1, 0, 0: Col: 288
270
0, 1, 0, 1: Col: 289
271
0, 1, 0, 2: Col: 290
272
0, 1, 0, 3: Col: 291
273
0, 1, 0, 4: Col: 292
274
0, 1, 0, 5: Col: 293
275
0, 1, 0, 6: Col: 294
276
0, 1, 0, 7: Col: 295
277
0, 1, 0, 8: Col: 296
278
0, 1, 1, 0: Col: 288
279
0, 1, 1, 1: Col: 289
280
0, 1, 1, 2: Col: 290
281
0, 1, 1, 3: Col: 291
282
0, 1, 1, 4: Col: 292
283
0, 1, 1, 5: Col: 293
284
0, 1, 1, 6: Col: 294
285
0, 1, 1, 7: Col: 295
286
0, 1, 1, 8: Col: 296
287
0, 1, 2, 0: Col: 288
288
0, 1, 2, 1: Col: 289
289
0, 1, 2, 2: Col: 290
290
0, 1, 2, 3: Col: 291
291
0, 1, 2, 4: Col: 292
292
0, 1, 2, 5: Col: 293
293
0, 1, 2, 6: Col: 294
294
0, 1, 2, 7: Col: 295
295
0, 1, 2, 8: Col: 296
296
0, 2, 0, 0: Col: 297
297
0, 2, 0, 1: Col: 298
298
0, 2, 0, 2: Col: 299
299
0, 2, 0, 3: Col: 300
300
0, 2, 0, 4: Col: 301
301
0, 2, 0, 5: Col: 302
302
0, 2, 0, 6: Col: 303
303
0, 2, 0, 7: Col: 304
304
0, 2, 0, 8: Col: 305
305
0, 2, 1, 0: Col: 297
306
0, 2, 1, 1: Col: 298
307
0, 2, 1, 2: Col: 299
308
0, 2, 1, 3: Col: 300
309
0, 2, 1, 4: Col: 301
310
0, 2, 1, 5: Col: 302
311
0, 2, 1, 6: Col: 303
312
0, 2, 1, 7: Col: 304
313
0, 2, 1, 8: Col: 305
314
0, 2, 2, 0: Col: 297
315
0, 2, 2, 1: Col: 298
316
0, 2, 2, 2: Col: 299
317
0, 2, 2, 3: Col: 300
318
0, 2, 2, 4: Col: 301
319
0, 2, 2, 5: Col: 302
320
0, 2, 2, 6: Col: 303
321
0, 2, 2, 7: Col: 304
322
0, 2, 2, 8: Col: 305
323
1, 0, 0, 0: Col: 279
324
1, 0, 0, 1: Col: 280
325
1, 0, 0, 2: Col: 281
326
1, 0, 0, 3: Col: 282
327
1, 0, 0, 4: Col: 283
328
1, 0, 0, 5: Col: 284
329
1, 0, 0, 6: Col: 285
330
1, 0, 0, 7: Col: 286
331
1, 0, 0, 8: Col: 287
332
1, 0, 1, 0: Col: 279
333
1, 0, 1, 1: Col: 280
334
1, 0, 1, 2: Col: 281
335
1, 0, 1, 3: Col: 282
336
1, 0, 1, 4: Col: 283
337
1, 0, 1, 5: Col: 284
338
1, 0, 1, 6: Col: 285
339
1, 0, 1, 7: Col: 286
340
1, 0, 1, 8: Col: 287
341
1, 0, 2, 0: Col: 279
342
1, 0, 2, 1: Col: 280
343
1, 0, 2, 2: Col: 281
344
1, 0, 2, 3: Col: 282
345
1, 0, 2, 4: Col: 283
346
1, 0, 2, 5: Col: 284
347
1, 0, 2, 6: Col: 285
348
1, 0, 2, 7: Col: 286
349
1, 0, 2, 8: Col: 287
350
1, 1, 0, 0: Col: 288
351
1, 1, 0, 1: Col: 289
352
1, 1, 0, 2: Col: 290
353
1, 1, 0, 3: Col: 291
354
1, 1, 0, 4: Col: 292
355
1, 1, 0, 5: Col: 293
356
1, 1, 0, 6: Col: 294
357
1, 1, 0, 7: Col: 295
358
1, 1, 0, 8: Col: 296
359
1, 1, 1, 0: Col: 288
360
1, 1, 1, 1: Col: 289
361
1, 1, 1, 2: Col: 290
362
1, 1, 1, 3: Col: 291
363
1, 1, 1, 4: Col: 292
364
1, 1, 1, 5: Col: 293
365
1, 1, 1, 6: Col: 294
366
1, 1, 1, 7: Col: 295
367
1, 1, 1, 8: Col: 296
368
1, 1, 2, 0: Col: 288
369
1, 1, 2, 1: Col: 289
370
1, 1, 2, 2: Col: 290
371
1, 1, 2, 3: Col: 291
372
1, 1, 2, 4: Col: 292
373
1, 1, 2, 5: Col: 293
374
1, 1, 2, 6: Col: 294
375
1, 1, 2, 7: Col: 295
376
1, 1, 2, 8: Col: 296
377
1, 2, 0, 0: Col: 297
378
1, 2, 0, 1: Col: 298
379
1, 2, 0, 2: Col: 299
380
1, 2, 0, 3: Col: 300
381
1, 2, 0, 4: Col: 301
382
1, 2, 0, 5: Col: 302
383
1, 2, 0, 6: Col: 303
384
1, 2, 0, 7: Col: 304
385
1, 2, 0, 8: Col: 305
386
1, 2, 1, 0: Col: 297
387
1, 2, 1, 1: Col: 298
388
1, 2, 1, 2: Col: 299
389
1, 2, 1, 3: Col: 300
390
1, 2, 1, 4: Col: 301
391
1, 2, 1, 5: Col: 302
392
1, 2, 1, 6: Col: 303
393
1, 2, 1, 7: Col: 304
394
1, 2, 1, 8: Col: 305
395
1, 2, 2, 0: Col: 297
396
1, 2, 2, 1: Col: 298
397
1, 2, 2, 2: Col: 299
398
1, 2, 2, 3: Col: 300
399
1, 2, 2, 4: Col: 301
400
1, 2, 2, 5: Col: 302
401
1, 2, 2, 6: Col: 303
402
1, 2, 2, 7: Col: 304
403
1, 2, 2, 8: Col: 305
404
2, 0, 0, 0: Col: 279
405
2, 0, 0, 1: Col: 280
406
2, 0, 0, 2: Col: 281
407
2, 0, 0, 3: Col: 282
408
2, 0, 0, 4: Col: 283
409
2, 0, 0, 5: Col: 284
410
2, 0, 0, 6: Col: 285
411
2, 0, 0, 7: Col: 286
412
2, 0, 0, 8: Col: 287
413
2, 0, 1, 0: Col: 279
414
2, 0, 1, 1: Col: 280
415
2, 0, 1, 2: Col: 281
416
2, 0, 1, 3: Col: 282
417
2, 0, 1, 4: Col: 283
418
2, 0, 1, 5: Col: 284
419
2, 0, 1, 6: Col: 285
420
2, 0, 1, 7: Col: 286
421
2, 0, 1, 8: Col: 287
422
2, 0, 2, 0: Col: 279
423
2, 0, 2, 1: Col: 280
424
2, 0, 2, 2: Col: 281
425
2, 0, 2, 3: Col: 282
426
2, 0, 2, 4: Col: 283
427
2, 0, 2, 5: Col: 284
428
2, 0, 2, 6: Col: 285
429
2, 0, 2, 7: Col: 286
430
2, 0, 2, 8: Col: 287
431
2, 1, 0, 0: Col: 288
432
2, 1, 0, 1: Col: 289
433
2, 1, 0, 2: Col: 290
434
2, 1, 0, 3: Col: 291
435
2, 1, 0, 4: Col: 292
436
2, 1, 0, 5: Col: 293
437
2, 1, 0, 6: Col: 294
438
2, 1, 0, 7: Col: 295
439
2, 1, 0, 8: Col: 296
440
2, 1, 1, 0: Col: 288
441
2, 1, 1, 1: Col: 289
442
2, 1, 1, 2: Col: 290
443
2, 1, 1, 3: Col: 291
444
2, 1, 1, 4: Col: 292
445
2, 1, 1, 5: Col: 293
446
2, 1, 1, 6: Col: 294
447
2, 1, 1, 7: Col: 295
448
2, 1, 1, 8: Col: 296
449
2, 1, 2, 0: Col: 288
450
2, 1, 2, 1: Col: 289
451
2, 1, 2, 2: Col: 290
452
2, 1, 2, 3: Col: 291
453
2, 1, 2, 4: Col: 292
454
2, 1, 2, 5: Col: 293
455
2, 1, 2, 6: Col: 294
456
2, 1, 2, 7: Col: 295
457
2, 1, 2, 8: Col: 296
458
2, 2, 0, 0: Col: 297
459
2, 2, 0, 1: Col: 298
460
2, 2, 0, 2: Col: 299
461
2, 2, 0, 3: Col: 300
462
2, 2, 0, 4: Col: 301
463
2, 2, 0, 5: Col: 302
464
2, 2, 0, 6: Col: 303
465
2, 2, 0, 7: Col: 304
466
2, 2, 0, 8: Col: 305
467
2, 2, 1, 0: Col: 297
468
2, 2, 1, 1: Col: 298
469
2, 2, 1, 2: Col: 299
470
2, 2, 1, 3: Col: 300
471
2, 2, 1, 4: Col: 301
472
2, 2, 1, 5: Col: 302
473
2, 2, 1, 6: Col: 303
474
2, 2, 1, 7: Col: 304
475
2, 2, 1, 8: Col: 305
476
2, 2, 2, 0: Col: 297
477
2, 2, 2, 1: Col: 298
478
2, 2, 2, 2: Col: 299
479
2, 2, 2, 3: Col: 300
480
2, 2, 2, 4: Col: 301
481
2, 2, 2, 5: Col: 302
482
2, 2, 2, 6: Col: 303
483
2, 2, 2, 7: Col: 304
484
2, 2, 2, 8: Col: 305
485
0, 0, 0, 0: Col: 306
486
0, 0, 0, 1: Col: 307
487
0, 0, 0, 2: Col: 308
488
0, 0, 0, 3: Col: 309
489
0, 0, 0, 4: Col: 310
490
0, 0, 0, 5: Col: 311
491
0, 0, 0, 6: Col: 312
492
0, 0, 0, 7: Col: 313
493
0, 0, 0, 8: Col: 314
494
0, 0, 1, 0: Col: 306
495
0, 0, 1, 1: Col: 307
496
0, 0, 1, 2: Col: 308
497
0, 0, 1, 3: Col: 309
498
0, 0, 1, 4: Col: 310
499
0, 0, 1, 5: Col: 311
500
0, 0, 1, 6: Col: 312
501
0, 0, 1, 7: Col: 313
502
0, 0, 1, 8: Col: 314
503
0, 0, 2, 0: Col: 306
504
0, 0, 2, 1: Col: 307
505
0, 0, 2, 2: Col: 308
506
0, 0, 2, 3: Col: 309
507
0, 0, 2, 4: Col: 310
508
0, 0, 2, 5: Col: 311
509
0, 0, 2, 6: Col: 312
510
0, 0, 2, 7: Col: 313
511
0, 0, 2, 8: Col: 314
512
0, 1, 0, 0: Col: 315
513
0, 1, 0, 1: Col: 316
514
0, 1, 0, 2: Col: 317
515
0, 1, 0, 3: Col: 318
516
0, 1, 0, 4: Col: 319
517
0, 1, 0, 5: Col: 320
518
0, 1, 0, 6: Col: 321
519
0, 1, 0, 7: Col: 322
520
0, 1, 0, 8: Col: 323
521
0, 1, 1, 0: Col: 315
522
0, 1, 1, 1: Col: 316
523
0, 1, 1, 2: Col: 317
524
0, 1, 1, 3: Col: 318
525
0, 1, 1, 4: Col: 319
526
0, 1, 1, 5: Col: 320
527
0, 1, 1, 6: Col: 321
528
0, 1, 1, 7: Col: 322
529
0, 1, 1, 8: Col: 323
530
0, 1, 2, 0: Col: 315
531
0, 1, 2, 1: Col: 316
532
0, 1, 2, 2: Col: 317
533
0, 1, 2, 3: Col: 318
534
0, 1, 2, 4: Col: 319
535
0, 1, 2, 5: Col: 320
536
0, 1, 2, 6: Col: 321
537
0, 1, 2, 7: Col: 322
538
0, 1, 2, 8: Col: 323
539
0, 2, 0, 0: Col: 0
540
